<?xml version="1.0" encoding="UTF-8"?>
<project xmlns="http://maven.apache.org/POM/4.0.0" xmlns:xsi="http://www.w3.org/2001/XMLSchema-instance" xsi:schemaLocation="http://maven.apache.org/POM/4.0.0 http://maven.apache.org/xsd/maven-4.0.0.xsd">
    <modelVersion>4.0.0</modelVersion>
    <groupId>richtercloud</groupId>
    <artifactId>document-scanner-aggregator</artifactId>
    <version>1.0-beta2</version>
    <packaging>pom</packaging>
    <modules>
        <!-- maven-parent can't be aggregated here -->
        <!-- It doesn't make sense to build `commons-numbers` or `commons-rng` as aggregator project in order to avoid build failure on Travis CI due to unexplicable `[ERROR] Failed to execute goal org.codehaus.izpack:izpack-maven-plugin:5.1.1:izpack (default) on project document-scanner: Execution default of goal org.codehaus.izpack:izpack-maven-plugin:5.1.1:izpack failed: Plugin org.codehaus.izpack:izpack-maven-plugin:5.1.1 or one of its dependencies could not be resolved: The following artifacts could not be resolved: org.apache.commons:commons-numbers-core:jar:1.0-SNAPSHOT, org.apache.commons:commons-numbers-gamma:jar:1.0-SNAPSHOT, org.apache.commons:commons-numbers-fraction:jar:1.0-SNAPSHOT, org.apache.commons:commons-numbers-combinatorics:jar:1.0-SNAPSHOT, org.apache.commons:commons-numbers-arrays:jar:1.0-SNAPSHOT, org.apache.commons:commons-numbers-angle:jar:1.0-SNAPSHOT, org.apache.commons:commons-rng-sampling:jar:1.1-SNAPSHOT: Could not find artifact org.apache.commons:commons-numbers-core:jar:1.0-SNAPSHOT`
                and `[ERROR] Failed to execute goal org.codehaus.izpack:izpack-maven-plugin:5.1.1:izpack (default) on project document-scanner: Execution default of goal org.codehaus.izpack:izpack-maven-plugin:5.1.1:izpack failed: Plugin org.codehaus.izpack:izpack-maven-plugin:5.1.1 or one of its dependencies could not be resolved: Could not find artifact org.apache.commons:commons-rng-sampling:jar:1.1-SNAPSHOT`
                over multiple days (which excludes a caching issue as reason) because `commons-rng` is failing itself with
                `[ERROR] Failed to execute goal org.jacoco:jacoco-maven-plugin:0.7.5.201505241946:check (default-check) on project commons-numbers-complex: Coverage checks have not been met.` -->
        <module>code-analysis</module>
        <module>JDatePicker</module>
            <!-- provides JDatePicker components with typesafe models -->
        <module>flexdock</module>
            <!-- provides flexdock 1.2.3 which isn't available at repo.maven.org yet -->
        <module>message-handler-parent</module>
            <!-- not provided on repo.maven.org, yet -->
        <module>validation-tools</module>
            <!-- not provided on repo.maven.org, yet -->
        <module>jhbuild-java-wrapper</module>
            <!-- not provided on repo.maven.org, yet -->
        <module>reflection-form-builder-parent</module>
            <!-- not provided on repo.maven.org, yet -->
        <module>swing-worker-get-wait-dialog</module>
            <!-- not provided on repo.maven.org, yet -->
        <module>document-scanner-parent</module>
    </modules>
    <name>document-scanner-aggregator</name>
    <build>
        <pluginManagement>
            <plugins>
                <plugin>
                    <groupId>org.apache.maven.plugins</groupId>
                    <artifactId>maven-surefire-plugin</artifactId>
                    <version>2.19.1</version>
                </plugin>
            </plugins>
        </pluginManagement>
    </build>
</project>
